#
# There is insufficient memory for the Java Runtime Environment to continue.
# Native memory allocation (mmap) failed to map 201326592 bytes for G1 virtual space
# Possible reasons:
#   The system is out of physical RAM or swap space
#   The process is running with CompressedOops enabled, and the Java Heap may be blocking the growth of the native heap
# Possible solutions:
#   Reduce memory load on the system
#   Increase physical memory or swap space
#   Check if swap backing store is full
#   Decrease Java heap size (-Xmx/-Xms)
#   Decrease number of Java threads
#   Decrease Java thread stack sizes (-Xss)
#   Set larger code cache with -XX:ReservedCodeCacheSize=
#   JVM is running with Zero Based Compressed Oops mode in which the Java heap is
#     placed in the first 32GB address space. The Java Heap base address is the
#     maximum limit for the native heap growth. Please use -XX:HeapBaseMinAddress
#     to set the Java Heap base and to place the Java Heap above 32GB virtual address.
# This output file may be truncated or incomplete.
#
#  Out of Memory Error (os_windows.cpp:3466), pid=9820, tid=3416
#
# JRE version:  (16.0.2+7) (build )
# Java VM: Java HotSpot(TM) 64-Bit Server VM (16.0.2+7-67, mixed mode, sharing, tiered, compressed oops, compressed class ptrs, g1 gc, windows-amd64)
# No core dump will be written. Minidumps are not enabled by default on client versions of Windows
#

---------------  S U M M A R Y ------------

Command Line: -Dfile.encoding=UTF-8 --module-path=G:\Geo\Facultate\Extra\Java\Banca\build\classes banca.CreareUtilizator

Host: AMD FX(tm)-6100 Six-Core Processor             , 6 cores, 11G,  Windows 10 , 64 bit Build 19041 (10.0.19041.1202)
Time: Thu Sep 23 19:31:26 2021 GTB, ors 10 , 64 bit Build 19041 (10.0.19041.1202) elapsed time: 0.019238 seconds (0d 0h 0m 0s)

---------------  T H R E A D  ---------------

Current thread (0x000001fa149e6560):  JavaThread "Unknown thread" [_thread_in_vm, id=3416, stack(0x000000b027b00000,0x000000b027c00000)]

Stack: [0x000000b027b00000,0x000000b027c00000]
Native frames: (J=compiled Java code, j=interpreted, Vv=VM code, C=native code)
V  [jvm.dll+0x6681ca]
V  [jvm.dll+0x7c9e69]
V  [jvm.dll+0x7cb61e]
V  [jvm.dll+0x7cbc73]
V  [jvm.dll+0x242c55]
V  [jvm.dll+0x664f89]
V  [jvm.dll+0x659b75]
V  [jvm.dll+0x2fbfbb]
V  [jvm.dll+0x3031b6]
V  [jvm.dll+0x35299e]
V  [jvm.dll+0x352bcf]
V  [jvm.dll+0x2d3028]
V  [jvm.dll+0x2d4264]
V  [jvm.dll+0x79c741]
V  [jvm.dll+0x360791]
V  [jvm.dll+0x77a3f0]
V  [jvm.dll+0x3e4e8f]
V  [jvm.dll+0x3e6961]
C  [jli.dll+0x52fb]
C  [ucrtbase.dll+0x21bb2]
C  [KERNEL32.DLL+0x17034]
C  [ntdll.dll+0x52651]


---------------  P R O C E S S  ---------------

Threads class SMR info:
_java_thread_list=0x00007ff99456cbb8, length=0, elements={
}

Java Threads: ( => current thread )

Other Threads:
  0x000001fa14a2c190 GCTaskThread "GC Thread#0" [stack: 0x000000b027c00000,0x000000b027d00000] [id=14568]
  0x000001fa14a391a0 ConcurrentGCThread "G1 Main Marker" [stack: 0x000000b027d00000,0x000000b027e00000] [id=14748]
  0x000001fa14a3a340 ConcurrentGCThread "G1 Conc#0" [stack: 0x000000b027e00000,0x000000b027f00000] [id=4436]

[error occurred during error reporting (printing all threads), id 0xc0000005, EXCEPTION_ACCESS_VIOLATION (0xc0000005) at pc=0x00007ff993d43ee7]

VM state: not at safepoint (not fully initialized)

VM Mutex/Monitor currently owned by a thread:  ([mutex/lock_event])
[0x000001fa149e3700] Heap_lock - owner thread: 0x000001fa149e6560

Heap address: 0x0000000740400000, size: 3068 MB, Compressed Oops mode: Zero based, Oop shift amount: 3

CDS archive(s) mapped at: [0x0000000000000000-0x0000000000000000-0x0000000000000000), size 0, SharedBaseAddress: 0x0000000800000000, ArchiveRelocationMode: 0.
Narrow klass base: 0x0000000000000000, Narrow klass shift: 0, Narrow klass range: 0x0

GC Precious Log:
<Empty>

Heap:
 garbage-first heap   total 0K, used 0K [0x0000000740400000, 0x0000000800000000)
  region size 2048K, 0 young (0K), 0 survivors (0K)

[error occurred during error reporting (printing heap information), id 0xc0000005, EXCEPTION_ACCESS_VIOLATION (0xc0000005) at pc=0x00007ff994121eed]

GC Heap History (0 events):
No events

Deoptimization events (0 events):
No events

Classes unloaded (0 events):
No events

Classes redefined (0 events):
No events

Internal exceptions (0 events):
No events

Events (1 events):
Event: 0.011 Loaded shared library C:\Program Files\Java\jdk-16.0.2\bin\java.dll


Dynamic libraries:
0x00007ff6cd410000 - 0x00007ff6cd420000 	C:\Program Files\Java\jdk-16.0.2\bin\java.exe
0x00007ffa050f0000 - 0x00007ffa052e5000 	C:\Windows\SYSTEM32\ntdll.dll
0x00007ffa04770000 - 0x00007ffa0482e000 	C:\Windows\System32\KERNEL32.DLL
0x00007ffa028c0000 - 0x00007ffa02b89000 	C:\Windows\System32\KERNELBASE.dll
0x00007ffa02cf0000 - 0x00007ffa02df0000 	C:\Windows\System32\ucrtbase.dll
0x00007ff9fd670000 - 0x00007ff9fd688000 	C:\Program Files\Java\jdk-16.0.2\bin\jli.dll
0x00007ff9fdea0000 - 0x00007ff9fdeb9000 	C:\Program Files\Java\jdk-16.0.2\bin\VCRUNTIME140.dll
0x00007ffa03d90000 - 0x00007ffa03e3c000 	C:\Windows\System32\ADVAPI32.dll
0x00007ffa04860000 - 0x00007ffa048fe000 	C:\Windows\System32\msvcrt.dll
0x00007ffa04650000 - 0x00007ffa046eb000 	C:\Windows\System32\sechost.dll
0x00007ffa037e0000 - 0x00007ffa0390a000 	C:\Windows\System32\RPCRT4.dll
0x00007ffa031a0000 - 0x00007ffa03341000 	C:\Windows\System32\USER32.dll
0x00007ff9e4d20000 - 0x00007ff9e4fba000 	C:\Windows\WinSxS\amd64_microsoft.windows.common-controls_6595b64144ccf1df_6.0.19041.1110_none_60b5254171f9507e\COMCTL32.dll
0x00007ffa02c60000 - 0x00007ffa02c82000 	C:\Windows\System32\win32u.dll
0x00007ffa03370000 - 0x00007ffa0339b000 	C:\Windows\System32\GDI32.dll
0x00007ffa02f50000 - 0x00007ffa0305b000 	C:\Windows\System32\gdi32full.dll
0x00007ffa02bc0000 - 0x00007ffa02c5d000 	C:\Windows\System32\msvcp_win.dll
0x00007ff9f91f0000 - 0x00007ff9f91fa000 	C:\Windows\SYSTEM32\VERSION.dll
0x00007ffa04830000 - 0x00007ffa04860000 	C:\Windows\System32\IMM32.DLL
0x00007ff9e9d40000 - 0x00007ff9e9d4c000 	C:\Program Files\Java\jdk-16.0.2\bin\vcruntime140_1.dll
0x00007ff9ad310000 - 0x00007ff9ad3a1000 	C:\Program Files\Java\jdk-16.0.2\bin\msvcp140.dll
0x00007ff993a60000 - 0x00007ff99460b000 	C:\Program Files\Java\jdk-16.0.2\bin\server\jvm.dll
0x00007ffa03360000 - 0x00007ffa03368000 	C:\Windows\System32\PSAPI.DLL
0x00007ff9f0220000 - 0x00007ff9f0247000 	C:\Windows\SYSTEM32\WINMM.dll
0x00007ff9fe170000 - 0x00007ff9fe179000 	C:\Windows\SYSTEM32\WSOCK32.dll
0x00007ffa03ea0000 - 0x00007ffa03f0b000 	C:\Windows\System32\WS2_32.dll
0x00007ffa00730000 - 0x00007ffa00742000 	C:\Windows\SYSTEM32\kernel.appcore.dll
0x00007ff9e7b20000 - 0x00007ff9e7b2a000 	C:\Program Files\Java\jdk-16.0.2\bin\jimage.dll
0x00007ff9fac50000 - 0x00007ff9fae34000 	C:\Windows\SYSTEM32\DBGHELP.DLL
0x00007ff9fa230000 - 0x00007ff9fa25c000 	C:\Windows\SYSTEM32\dbgcore.DLL
0x00007ffa030b0000 - 0x00007ffa03133000 	C:\Windows\System32\bcryptPrimitives.dll
0x00007ff9e1b70000 - 0x00007ff9e1b95000 	C:\Program Files\Java\jdk-16.0.2\bin\java.dll

dbghelp: loaded successfully - version: 4.0.5 - missing functions: none
symbol engine: initialized successfully - sym options: 0x614 - pdb path: .;C:\Program Files\Java\jdk-16.0.2\bin;C:\Windows\SYSTEM32;C:\Windows\WinSxS\amd64_microsoft.windows.common-controls_6595b64144ccf1df_6.0.19041.1110_none_60b5254171f9507e;C:\Program Files\Java\jdk-16.0.2\bin\server

VM Arguments:
jvm_args: -Dfile.encoding=UTF-8 --module-path=G:\Geo\Facultate\Extra\Java\Banca\build\classes 
java_command: banca.CreareUtilizator
java_class_path (initial): C:\Users\delim\Downloads\mysql-connector-java-8.0.26\mysql-connector-java-8.0.26.jar;G:\Geo\Facultate\Extra\Java\Banca\build\classes
Launcher Type: SUN_STANDARD

[Global flags]
     intx CICompilerCount                          = 3                                         {product} {ergonomic}
     uint ConcGCThreads                            = 2                                         {product} {ergonomic}
     uint G1ConcRefinementThreads                  = 6                                         {product} {ergonomic}
   size_t G1HeapRegionSize                         = 2097152                                   {product} {ergonomic}
    uintx GCDrainStackTargetSize                   = 64                                        {product} {ergonomic}
   size_t InitialHeapSize                          = 201326592                                 {product} {ergonomic}
   size_t MarkStackSize                            = 4194304                                   {product} {ergonomic}
   size_t MaxHeapSize                              = 3217031168                                {product} {ergonomic}
   size_t MinHeapDeltaBytes                        = 2097152                                   {product} {ergonomic}
   size_t MinHeapSize                              = 8388608                                   {product} {ergonomic}
    uintx NonNMethodCodeHeapSize                   = 5832780                                {pd product} {ergonomic}
    uintx NonProfiledCodeHeapSize                  = 122912730                              {pd product} {ergonomic}
    uintx ProfiledCodeHeapSize                     = 122912730                              {pd product} {ergonomic}
    uintx ReservedCodeCacheSize                    = 251658240                              {pd product} {ergonomic}
     bool SegmentedCodeCache                       = true                                      {product} {ergonomic}
   size_t SoftMaxHeapSize                          = 3217031168                             {manageable} {ergonomic}
     bool UseCompressedClassPointers               = true                           {product lp64_product} {ergonomic}
     bool UseCompressedOops                        = true                           {product lp64_product} {ergonomic}
     bool UseG1GC                                  = true                                      {product} {ergonomic}
     bool UseLargePagesIndividualAllocation        = false                                  {pd product} {ergonomic}

Logging:
Log output configuration:
 #0: stdout all=warning uptime,level,tags
 #1: stderr all=off uptime,level,tags

Environment Variables:
PATH=C:\Program Files\Common Files\Oracle\Java\javapath;C:\Program Files (x86)\Common Files\Oracle\Java\javapath;C:\Windows\system32;C:\Windows;C:\Windows\System32\Wbem;C:\Windows\System32\WindowsPowerShell\v1.0\;C:\Windows\System32\OpenSSH\;C:\xampp\php;C:\Users\delim\AppData\Local\Microsoft\WindowsApps;C:\Users\delim\AppData\Local\GitHubDesktop\bin
USERNAME=delim
OS=Windows_NT
PROCESSOR_IDENTIFIER=AMD64 Family 21 Model 1 Stepping 2, AuthenticAMD



---------------  S Y S T E M  ---------------

OS:
 Windows 10 , 64 bit Build 19041 (10.0.19041.1202)
OS uptime: 0 days 6:07 hours

CPU: total 6 (initial active 6) (6 cores per cpu, 1 threads per core) family 21 model 1 stepping 2 microcode 0x0, cx8, cmov, fxsr, mmx, 3dnowpref, sse, sse2, sse3, ssse3, sse4a, sse4.1, sse4.2, popcnt, lzcnt, tsc, tscinvbit, avx, aes, clmul, vzeroupper, clflush

Memory: 4k page, system-wide physical 12271M (3886M free)
TotalPageFile size 14894M (AvailPageFile size 125M)
current process WorkingSet (physical memory assigned to process): 10M, peak: 10M
current process commit charge ("private bytes"): 55M, peak: 247M

vm_info: Java HotSpot(TM) 64-Bit Server VM (16.0.2+7-67) for windows-amd64 JRE (16.0.2+7-67), built on Jun  8 2021 23:24:19 by "mach5one" with MS VC++ 16.7 (VS2019)

END.
